0 info it worked if it ends with ok
1 verbose cli [ '/Users/tannerplauche/.nvm/versions/node/v6.11.1/bin/node',
1 verbose cli   '/Users/tannerplauche/.nvm/versions/node/v6.11.1/bin/npm',
1 verbose cli   'start' ]
2 info using npm@3.10.10
3 info using node@v6.11.1
4 verbose run-script [ 'prestart', 'start', 'poststart' ]
5 info lifecycle simpletonbackend@0.0.0~prestart: simpletonbackend@0.0.0
6 silly lifecycle simpletonbackend@0.0.0~prestart: no script for prestart, continuing
7 info lifecycle simpletonbackend@0.0.0~start: simpletonbackend@0.0.0
8 verbose lifecycle simpletonbackend@0.0.0~start: unsafe-perm in lifecycle true
9 verbose lifecycle simpletonbackend@0.0.0~start: PATH: /Users/tannerplauche/.nvm/versions/node/v6.11.1/lib/node_modules/npm/bin/node-gyp-bin:/Users/tannerplauche/Documents/dev/simpletonFlashcards/backend/node_modules/.bin:/Users/tannerplauche/.rvm/gems/ruby-2.4.0/bin:/Users/tannerplauche/.rvm/gems/ruby-2.4.0@global/bin:/Users/tannerplauche/.rvm/rubies/ruby-2.4.0/bin:/Users/tannerplauche/.rbenv/shims:/Users/tannerplauche/.rbenv/shims:/Users/tannerplauche/.nvm/versions/node/v6.11.1/bin:/usr/local/bin:/usr/bin:/bin:/usr/sbin:/sbin:/Users/tannerplauche/.rvm/gems/ruby-2.4.0/bin:/Users/tannerplauche/.rvm/gems/ruby-2.4.0@global/bin:/Users/tannerplauche/.rvm/rubies/ruby-2.4.0/bin:/Users/tannerplauche/.rbenv/shims:/Users/tannerplauche/.rvm/bin
10 verbose lifecycle simpletonbackend@0.0.0~start: CWD: /Users/tannerplauche/Documents/dev/simpletonFlashcards/backend
11 silly lifecycle simpletonbackend@0.0.0~start: Args: [ '-c', 'node ./bin/www' ]
12 silly lifecycle simpletonbackend@0.0.0~start: Returned: code: 1  signal: null
13 info lifecycle simpletonbackend@0.0.0~start: Failed to exec start script
14 verbose stack Error: simpletonbackend@0.0.0 start: `node ./bin/www`
14 verbose stack Exit status 1
14 verbose stack     at EventEmitter.<anonymous> (/Users/tannerplauche/.nvm/versions/node/v6.11.1/lib/node_modules/npm/lib/utils/lifecycle.js:255:16)
14 verbose stack     at emitTwo (events.js:106:13)
14 verbose stack     at EventEmitter.emit (events.js:191:7)
14 verbose stack     at ChildProcess.<anonymous> (/Users/tannerplauche/.nvm/versions/node/v6.11.1/lib/node_modules/npm/lib/utils/spawn.js:40:14)
14 verbose stack     at emitTwo (events.js:106:13)
14 verbose stack     at ChildProcess.emit (events.js:191:7)
14 verbose stack     at maybeClose (internal/child_process.js:891:16)
14 verbose stack     at Process.ChildProcess._handle.onexit (internal/child_process.js:226:5)
15 verbose pkgid simpletonbackend@0.0.0
16 verbose cwd /Users/tannerplauche/Documents/dev/simpletonFlashcards/backend
17 error Darwin 16.6.0
18 error argv "/Users/tannerplauche/.nvm/versions/node/v6.11.1/bin/node" "/Users/tannerplauche/.nvm/versions/node/v6.11.1/bin/npm" "start"
19 error node v6.11.1
20 error npm  v3.10.10
21 error code ELIFECYCLE
22 error simpletonbackend@0.0.0 start: `node ./bin/www`
22 error Exit status 1
23 error Failed at the simpletonbackend@0.0.0 start script 'node ./bin/www'.
23 error Make sure you have the latest version of node.js and npm installed.
23 error If you do, this is most likely a problem with the simpletonbackend package,
23 error not with npm itself.
23 error Tell the author that this fails on your system:
23 error     node ./bin/www
23 error You can get information on how to open an issue for this project with:
23 error     npm bugs simpletonbackend
23 error Or if that isn't available, you can get their info via:
23 error     npm owner ls simpletonbackend
23 error There is likely additional logging output above.
24 verbose exit [ 1, true ]
